[debug] [2024-05-31T06:33:27.054Z] ----------------------------------------------------------------------
[debug] [2024-05-31T06:33:27.057Z] Command:       C:\Program Files\nodejs\node.exe C:\Users\hp\AppData\Roaming\npm\node_modules\firebase-tools\lib\bin\firebase.js emulators:start --only functions
[debug] [2024-05-31T06:33:27.057Z] CLI Version:   13.10.2
[debug] [2024-05-31T06:33:27.058Z] Platform:      win32
[debug] [2024-05-31T06:33:27.058Z] Node Version:  v20.13.1
[debug] [2024-05-31T06:33:27.058Z] Time:          Fri May 31 2024 09:33:27 GMT+0300 (East Africa Time)
[debug] [2024-05-31T06:33:27.058Z] ----------------------------------------------------------------------
[debug] 
[debug] [2024-05-31T06:33:27.256Z] > command requires scopes: ["email","openid","https://www.googleapis.com/auth/cloudplatformprojects.readonly","https://www.googleapis.com/auth/firebase","https://www.googleapis.com/auth/cloud-platform"]
[debug] [2024-05-31T06:33:27.256Z] > authorizing via signed-in user (84re65de01la60@gmail.com)
[info] i  emulators: Starting emulators: functions {"metadata":{"emulator":{"name":"hub"},"message":"Starting emulators: functions"}}
[debug] [2024-05-31T06:33:27.271Z] [logging] Logging Emulator only supports listening on one address (127.0.0.1). Not listening on ::1
[debug] [2024-05-31T06:33:27.272Z] assigned listening specs for emulators {"user":{"hub":[{"address":"127.0.0.1","family":"IPv4","port":4400},{"address":"::1","family":"IPv6","port":4400}],"ui":[{"address":"127.0.0.1","family":"IPv4","port":4000},{"address":"::1","family":"IPv6","port":4000}],"logging":[{"address":"127.0.0.1","family":"IPv4","port":4500}]},"metadata":{"message":"assigned listening specs for emulators"}}
[warn] !  emulators: It seems that you are running multiple instances of the emulator suite for project clone-1802a. This may result in unexpected behavior. 
[debug] [2024-05-31T06:33:27.283Z] [hub] writing locator at C:\Users\hp\AppData\Local\Temp\hub-clone-1802a.json
[debug] [2024-05-31T06:33:27.319Z] [functions] Functions Emulator only supports listening on one address (127.0.0.1). Not listening on ::1
[debug] [2024-05-31T06:33:27.320Z] [eventarc] Eventarc Emulator only supports listening on one address (127.0.0.1). Not listening on ::1
[debug] [2024-05-31T06:33:27.320Z] late-assigned ports for functions and eventarc emulators {"user":{"hub":[{"address":"127.0.0.1","family":"IPv4","port":4400},{"address":"::1","family":"IPv6","port":4400}],"ui":[{"address":"127.0.0.1","family":"IPv4","port":4000},{"address":"::1","family":"IPv6","port":4000}],"logging":[{"address":"127.0.0.1","family":"IPv4","port":4500}],"functions":[{"address":"127.0.0.1","family":"IPv4","port":5001}],"eventarc":[{"address":"127.0.0.1","family":"IPv4","port":9299}]},"metadata":{"message":"late-assigned ports for functions and eventarc emulators"}}
[warn] !  functions: The following emulators are not running, calls to these services from the Functions emulator will affect production: auth, firestore, database, hosting, pubsub, storage, dataconnect {"metadata":{"emulator":{"name":"functions"},"message":"The following emulators are not running, calls to these services from the Functions emulator will affect production: \u001b[1mauth, firestore, database, hosting, pubsub, storage, dataconnect\u001b[22m"}}
[debug] [2024-05-31T06:33:27.358Z] defaultcredentials: writing to file C:\Users\hp\AppData\Roaming\firebase\84re65de01la60_gmail_com_application_default_credentials.json
[debug] [2024-05-31T06:33:27.368Z] Setting GAC to C:\Users\hp\AppData\Roaming\firebase\84re65de01la60_gmail_com_application_default_credentials.json {"metadata":{"emulator":{"name":"functions"},"message":"Setting GAC to C:\\Users\\hp\\AppData\\Roaming\\firebase\\84re65de01la60_gmail_com_application_default_credentials.json"}}
[debug] [2024-05-31T06:33:27.371Z] > refreshing access token with scopes: []
[debug] [2024-05-31T06:33:27.375Z] >>> [apiv2][query] POST https://www.googleapis.com/oauth2/v3/token [none]
[debug] [2024-05-31T06:33:27.375Z] >>> [apiv2][body] POST https://www.googleapis.com/oauth2/v3/token [omitted]
[debug] [2024-05-31T06:33:28.247Z] <<< [apiv2][status] POST https://www.googleapis.com/oauth2/v3/token 200
[debug] [2024-05-31T06:33:28.248Z] <<< [apiv2][body] POST https://www.googleapis.com/oauth2/v3/token [omitted]
[debug] [2024-05-31T06:33:28.597Z] >>> [apiv2][query] GET https://firebase.googleapis.com/v1beta1/projects/clone-1802a/adminSdkConfig [none]
[debug] [2024-05-31T06:33:29.766Z] <<< [apiv2][status] GET https://firebase.googleapis.com/v1beta1/projects/clone-1802a/adminSdkConfig 200
[debug] [2024-05-31T06:33:29.766Z] <<< [apiv2][body] GET https://firebase.googleapis.com/v1beta1/projects/clone-1802a/adminSdkConfig {"projectId":"clone-1802a","storageBucket":"clone-1802a.appspot.com"}
[debug] [2024-05-31T06:33:29.891Z] Ignoring unsupported arg: auto_download {"metadata":{"emulator":{"name":"ui"},"message":"Ignoring unsupported arg: auto_download"}}
[debug] [2024-05-31T06:33:29.892Z] Ignoring unsupported arg: port {"metadata":{"emulator":{"name":"ui"},"message":"Ignoring unsupported arg: port"}}
[debug] [2024-05-31T06:33:29.892Z] Starting Emulator UI with command {"binary":"node","args":["C:\\Users\\hp\\.cache\\firebase\\emulators\\ui-v1.12.1\\server\\server.mjs"],"optionalArgs":[],"joinArgs":false,"shell":false} {"metadata":{"emulator":{"name":"ui"},"message":"Starting Emulator UI with command {\"binary\":\"node\",\"args\":[\"C:\\\\Users\\\\hp\\\\.cache\\\\firebase\\\\emulators\\\\ui-v1.12.1\\\\server\\\\server.mjs\"],\"optionalArgs\":[],\"joinArgs\":false,\"shell\":false}"}}
[info] i  ui: Emulator UI logging to ui-debug.log {"metadata":{"emulator":{"name":"ui"},"message":"Emulator UI logging to \u001b[1mui-debug.log\u001b[22m"}}
[debug] [2024-05-31T06:33:30.498Z] Web / API server started at 127.0.0.1:4000
 {"metadata":{"emulator":{"name":"ui"},"message":"Web / API server started at 127.0.0.1:4000\n"}}
[debug] [2024-05-31T06:33:30.500Z] Web / API server started at ::1:4000
 {"metadata":{"emulator":{"name":"ui"},"message":"Web / API server started at ::1:4000\n"}}
[info] i  functions: Watching "C:\Users\hp\Desktop\Evangadi\Phase-4\Amazon-clone\amazon-clone-2024\functions" for Cloud Functions... {"metadata":{"emulator":{"name":"functions"},"message":"Watching \"C:\\Users\\hp\\Desktop\\Evangadi\\Phase-4\\Amazon-clone\\amazon-clone-2024\\functions\" for Cloud Functions..."}}
[debug] [2024-05-31T06:33:30.620Z] Validating nodejs source
[debug] [2024-05-31T06:33:34.206Z] > [functions] package.json contents: {
  "name": "functions",
  "description": "Cloud Functions for Firebase",
  "scripts": {
    "serve": "firebase emulators:start --only functions",
    "shell": "firebase functions:shell",
    "start": "npm run shell",
    "deploy": "firebase deploy --only functions",
    "logs": "firebase functions:log"
  },
  "engines": {
    "node": "20"
  },
  "main": "index.js",
  "dependencies": {
    "cors": "^2.8.5",
    "dotenv": "^16.4.5",
    "express": "^4.19.2",
    "firebase-admin": "^12.1.0",
    "firebase-functions": "^5.0.0",
    "stripe": "^15.8.0"
  },
  "devDependencies": {
    "firebase-functions-test": "^3.1.0"
  },
  "private": true
}
[debug] [2024-05-31T06:33:34.207Z] Building nodejs source
[debug] [2024-05-31T06:33:34.207Z] Failed to find version of module node: reached end of search path C:\Users\hp\Desktop\Evangadi\Phase-4\Amazon-clone\amazon-clone-2024\functions\node_modules
[info] +  functions: Using node@20 from host. 
[info] i  functions: Loaded environment variables from .env. 
[debug] [2024-05-31T06:33:34.240Z] Could not find functions.yaml. Must use http discovery
[debug] [2024-05-31T06:33:34.273Z] Found firebase-functions binary at 'C:\Users\hp\Desktop\Evangadi\Phase-4\Amazon-clone\amazon-clone-2024\functions\node_modules\.bin\firebase-functions'
[info] Serving at port 8958

[debug] [2024-05-31T06:33:41.389Z] Got response from /__/functions.yaml {"endpoints":{"api":{"availableMemoryMb":null,"timeoutSeconds":null,"minInstances":null,"maxInstances":10,"ingressSettings":null,"concurrency":null,"serviceAccountEmail":null,"vpc":null,"platform":"gcfv2","labels":{},"httpsTrigger":{},"entryPoint":"api"}},"specVersion":"v1alpha1","requiredAPIs":[]}
[info] +  functions: Loaded functions definitions from source: api. {"metadata":{"emulator":{"name":"functions"},"message":"Loaded functions definitions from source: api."}}
[info] +  functions[us-central1-api]: http function initialized (http://127.0.0.1:5001/clone-1802a/us-central1/api). {"metadata":{"emulator":{"name":"functions"},"message":"\u001b[1mhttp\u001b[22m function initialized (http://127.0.0.1:5001/clone-1802a/us-central1/api)."}}
[info] 
┌─────────────────────────────────────────────────────────────┐
│ ✔  All emulators ready! It is now safe to connect your app. │
│ i  View Emulator UI at http://127.0.0.1:4000/               │
└─────────────────────────────────────────────────────────────┘

┌───────────┬────────────────┬─────────────────────────────────┐
│ Emulator  │ Host:Port      │ View in Emulator UI             │
├───────────┼────────────────┼─────────────────────────────────┤
│ Functions │ 127.0.0.1:5001 │ http://127.0.0.1:4000/functions │
└───────────┴────────────────┴─────────────────────────────────┘
  Emulator Hub running at 127.0.0.1:4400
  Other reserved ports: 4500

Issues? Report them at https://github.com/firebase/firebase-tools/issues and attach the *-debug.log files.
 
[debug] [2024-05-31T06:51:09.239Z] [work-queue] {"queuedWork":["/clone-1802a/us-central1/api/payment/create-2024-05-31T06:51:09.238Z"],"queueLength":1,"runningWork":[],"workRunningCount":0}
[debug] [2024-05-31T06:51:09.242Z] [work-queue] {"queuedWork":[],"queueLength":0,"runningWork":["/clone-1802a/us-central1/api/payment/create-2024-05-31T06:51:09.238Z"],"workRunningCount":1}
[debug] [2024-05-31T06:51:09.243Z] Accepted request POST /clone-1802a/us-central1/api/payment/create?total=105098 --> us-central1-api
[debug] [2024-05-31T06:51:09.276Z] [functions] Runtime ready! Sending request! {"metadata":{"emulator":{"name":"functions"},"message":"[functions] Runtime ready! Sending request!"}}
[debug] [2024-05-31T06:51:09.279Z] [functions] Got req.url=/clone-1802a/us-central1/api/payment/create?total=105098, mapping to path=/payment/create?total=105098 {"metadata":{"emulator":{"name":"functions"},"message":"[functions] Got req.url=/clone-1802a/us-central1/api/payment/create?total=105098, mapping to path=/payment/create?total=105098"}}
[info] i  functions: Loaded environment variables from .env. 
[debug] [2024-05-31T06:51:09.517Z] [worker-pool] addWorker(us-central1-api) {"metadata":{"emulator":{"name":"functions"},"message":"[worker-pool] addWorker(us-central1-api)"}}
[debug] [2024-05-31T06:51:09.523Z] [worker-pool] Adding worker with key us-central1-api, total=1 {"metadata":{"emulator":{"name":"functions"},"message":"[worker-pool] Adding worker with key us-central1-api, total=1"}}
[error] !!  functions: Failed to handle request for function us-central1-api {"metadata":{"emulator":{"name":"functions"},"message":"Failed to handle request for function us-central1-api"}}
[error] !!  functions: Failed to start functions in C:\Users\hp\Desktop\Evangadi\Phase-4\Amazon-clone\amazon-clone-2024\functions: FirebaseError: Failed to load function. {"metadata":{"emulator":{"name":"functions"},"message":"Failed to start functions in C:\\Users\\hp\\Desktop\\Evangadi\\Phase-4\\Amazon-clone\\amazon-clone-2024\\functions: FirebaseError: Failed to load function."}}
[debug] [2024-05-31T06:51:39.560Z] [work-queue] {"queuedWork":[],"queueLength":0,"runningWork":[],"workRunningCount":0}
[debug] [2024-05-31T06:51:49.711Z] [runtime-status] [12204] Resolved module firebase-admin {"declared":true,"installed":true,"version":"12.1.1","resolution":"C:\\Users\\hp\\Desktop\\Evangadi\\Phase-4\\Amazon-clone\\amazon-clone-2024\\functions\\node_modules\\firebase-admin\\lib\\index.js"} {"metadata":{"emulator":{"name":"functions"},"function":{"name":"us-central1-api"},"extension":{},"message":"[runtime-status] [12204] Resolved module firebase-admin {\"declared\":true,\"installed\":true,\"version\":\"12.1.1\",\"resolution\":\"C:\\\\Users\\\\hp\\\\Desktop\\\\Evangadi\\\\Phase-4\\\\Amazon-clone\\\\amazon-clone-2024\\\\functions\\\\node_modules\\\\firebase-admin\\\\lib\\\\index.js\"}"}}
[debug] [2024-05-31T06:51:49.731Z] [runtime-status] [12204] Resolved module firebase-functions {"declared":true,"installed":true,"version":"5.0.1","resolution":"C:\\Users\\hp\\Desktop\\Evangadi\\Phase-4\\Amazon-clone\\amazon-clone-2024\\functions\\node_modules\\firebase-functions\\lib\\v1\\index.js"} {"metadata":{"emulator":{"name":"functions"},"function":{"name":"us-central1-api"},"extension":{},"message":"[runtime-status] [12204] Resolved module firebase-functions {\"declared\":true,\"installed\":true,\"version\":\"5.0.1\",\"resolution\":\"C:\\\\Users\\\\hp\\\\Desktop\\\\Evangadi\\\\Phase-4\\\\Amazon-clone\\\\amazon-clone-2024\\\\functions\\\\node_modules\\\\firebase-functions\\\\lib\\\\v1\\\\index.js\"}"}}
[debug] [2024-05-31T06:51:49.736Z] [runtime-status] [12204] Outgoing network have been stubbed. [{"name":"http","status":"mocked"},{"name":"http","status":"mocked"},{"name":"https","status":"mocked"},{"name":"https","status":"mocked"},{"name":"net","status":"mocked"}] {"metadata":{"emulator":{"name":"functions"},"function":{"name":"us-central1-api"},"extension":{},"message":"[runtime-status] [12204] Outgoing network have been stubbed. [{\"name\":\"http\",\"status\":\"mocked\"},{\"name\":\"http\",\"status\":\"mocked\"},{\"name\":\"https\",\"status\":\"mocked\"},{\"name\":\"https\",\"status\":\"mocked\"},{\"name\":\"net\",\"status\":\"mocked\"}]"}}
[debug] [2024-05-31T06:51:49.742Z] [runtime-status] [12204] Resolved module firebase-functions {"declared":true,"installed":true,"version":"5.0.1","resolution":"C:\\Users\\hp\\Desktop\\Evangadi\\Phase-4\\Amazon-clone\\amazon-clone-2024\\functions\\node_modules\\firebase-functions\\lib\\v1\\index.js"} {"metadata":{"emulator":{"name":"functions"},"function":{"name":"us-central1-api"},"extension":{},"message":"[runtime-status] [12204] Resolved module firebase-functions {\"declared\":true,\"installed\":true,\"version\":\"5.0.1\",\"resolution\":\"C:\\\\Users\\\\hp\\\\Desktop\\\\Evangadi\\\\Phase-4\\\\Amazon-clone\\\\amazon-clone-2024\\\\functions\\\\node_modules\\\\firebase-functions\\\\lib\\\\v1\\\\index.js\"}"}}
[debug] [2024-05-31T06:51:56.906Z] [runtime-status] [12204] Checked functions.config() {"config":{}} {"metadata":{"emulator":{"name":"functions"},"function":{"name":"us-central1-api"},"extension":{},"message":"[runtime-status] [12204] Checked functions.config() {\"config\":{}}"}}
[debug] [2024-05-31T06:51:56.910Z] [runtime-status] [12204] firebase-functions has been stubbed. {"functionsResolution":{"declared":true,"installed":true,"version":"5.0.1","resolution":"C:\\Users\\hp\\Desktop\\Evangadi\\Phase-4\\Amazon-clone\\amazon-clone-2024\\functions\\node_modules\\firebase-functions\\lib\\v1\\index.js"}} {"metadata":{"emulator":{"name":"functions"},"function":{"name":"us-central1-api"},"extension":{},"message":"[runtime-status] [12204] firebase-functions has been stubbed. {\"functionsResolution\":{\"declared\":true,\"installed\":true,\"version\":\"5.0.1\",\"resolution\":\"C:\\\\Users\\\\hp\\\\Desktop\\\\Evangadi\\\\Phase-4\\\\Amazon-clone\\\\amazon-clone-2024\\\\functions\\\\node_modules\\\\firebase-functions\\\\lib\\\\v1\\\\index.js\"}}"}}
[debug] [2024-05-31T06:51:56.917Z] [runtime-status] [12204] Resolved module firebase-functions {"declared":true,"installed":true,"version":"5.0.1","resolution":"C:\\Users\\hp\\Desktop\\Evangadi\\Phase-4\\Amazon-clone\\amazon-clone-2024\\functions\\node_modules\\firebase-functions\\lib\\v1\\index.js"} {"metadata":{"emulator":{"name":"functions"},"function":{"name":"us-central1-api"},"extension":{},"message":"[runtime-status] [12204] Resolved module firebase-functions {\"declared\":true,\"installed\":true,\"version\":\"5.0.1\",\"resolution\":\"C:\\\\Users\\\\hp\\\\Desktop\\\\Evangadi\\\\Phase-4\\\\Amazon-clone\\\\amazon-clone-2024\\\\functions\\\\node_modules\\\\firebase-functions\\\\lib\\\\v1\\\\index.js\"}"}}
[debug] [2024-05-31T06:51:56.929Z] [runtime-status] [12204] Resolved module firebase-admin {"declared":true,"installed":true,"version":"12.1.1","resolution":"C:\\Users\\hp\\Desktop\\Evangadi\\Phase-4\\Amazon-clone\\amazon-clone-2024\\functions\\node_modules\\firebase-admin\\lib\\index.js"} {"metadata":{"emulator":{"name":"functions"},"function":{"name":"us-central1-api"},"extension":{},"message":"[runtime-status] [12204] Resolved module firebase-admin {\"declared\":true,\"installed\":true,\"version\":\"12.1.1\",\"resolution\":\"C:\\\\Users\\\\hp\\\\Desktop\\\\Evangadi\\\\Phase-4\\\\Amazon-clone\\\\amazon-clone-2024\\\\functions\\\\node_modules\\\\firebase-admin\\\\lib\\\\index.js\"}"}}
[debug] [2024-05-31T06:51:57.024Z] [runtime-status] [12204] Resolved module firebase-functions {"declared":true,"installed":true,"version":"5.0.1","resolution":"C:\\Users\\hp\\Desktop\\Evangadi\\Phase-4\\Amazon-clone\\amazon-clone-2024\\functions\\node_modules\\firebase-functions\\lib\\v1\\index.js"} {"metadata":{"emulator":{"name":"functions"},"function":{"name":"us-central1-api"},"extension":{},"message":"[runtime-status] [12204] Resolved module firebase-functions {\"declared\":true,\"installed\":true,\"version\":\"5.0.1\",\"resolution\":\"C:\\\\Users\\\\hp\\\\Desktop\\\\Evangadi\\\\Phase-4\\\\Amazon-clone\\\\amazon-clone-2024\\\\functions\\\\node_modules\\\\firebase-functions\\\\lib\\\\v1\\\\index.js\"}"}}
[debug] [2024-05-31T06:51:57.028Z] [runtime-status] [12204] firebase-admin has been stubbed. {"adminResolution":{"declared":true,"installed":true,"version":"12.1.1","resolution":"C:\\Users\\hp\\Desktop\\Evangadi\\Phase-4\\Amazon-clone\\amazon-clone-2024\\functions\\node_modules\\firebase-admin\\lib\\index.js"}} {"metadata":{"emulator":{"name":"functions"},"function":{"name":"us-central1-api"},"extension":{},"message":"[runtime-status] [12204] firebase-admin has been stubbed. {\"adminResolution\":{\"declared\":true,\"installed\":true,\"version\":\"12.1.1\",\"resolution\":\"C:\\\\Users\\\\hp\\\\Desktop\\\\Evangadi\\\\Phase-4\\\\Amazon-clone\\\\amazon-clone-2024\\\\functions\\\\node_modules\\\\firebase-admin\\\\lib\\\\index.js\"}}"}}
[debug] [2024-05-31T06:52:02.227Z] [runtime-status] [12204] Functions runtime initialized. {"cwd":"C:\\Users\\hp\\Desktop\\Evangadi\\Phase-4\\Amazon-clone\\amazon-clone-2024\\functions","node_version":"20.13.1"} {"metadata":{"emulator":{"name":"functions"},"function":{"name":"us-central1-api"},"extension":{},"message":"[runtime-status] [12204] Functions runtime initialized. {\"cwd\":\"C:\\\\Users\\\\hp\\\\Desktop\\\\Evangadi\\\\Phase-4\\\\Amazon-clone\\\\amazon-clone-2024\\\\functions\",\"node_version\":\"20.13.1\"}"}}
[debug] [2024-05-31T06:52:02.232Z] [runtime-status] [12204] Listening to port: \\?\pipe\fire_emu_cc8f78e7b46c3a24 {"metadata":{"emulator":{"name":"functions"},"function":{"name":"us-central1-api"},"extension":{},"message":"[runtime-status] [12204] Listening to port: \\\\?\\pipe\\fire_emu_cc8f78e7b46c3a24"}}
